# JRE version: OpenJDK Runtime Environment (8.0_112-b06) (build 1.8.0_112-release-b06)
# Java VM: OpenJDK 64-Bit Server VM (25.112-b06 mixed mode windows-amd64 compressed oops)
Heap:
 PSYoungGen      total 253952K, used 131324K [0x00000000e0000000, 0x00000000f2f00000, 0x0000000100000000)
  eden space 228864K, 54% used [0x00000000e0000000,0x00000000e794e6b8,0x00000000edf80000)
  from space 25088K, 28% used [0x00000000edf80000,0x00000000ee670a18,0x00000000ef800000)
  to   space 24576K, 0% used [0x00000000f1700000,0x00000000f1700000,0x00000000f2f00000)
 ParOldGen       total 97792K, used 59616K [0x00000000a0000000, 0x00000000a5f80000, 0x00000000e0000000)
  object space 97792K, 60% used [0x00000000a0000000,0x00000000a3a381b8,0x00000000a5f80000)
 Metaspace       used 74235K, capacity 77426K, committed 77696K, reserved 1116160K
  class space    used 9625K, capacity 10342K, committed 10368K, reserved 1048576K
GC Heap History (10 events):
Event: 61.472 GC heap before
{Heap before GC invocations=20 (full 3):
 PSYoungGen      total 183808K, used 162816K [0x00000000e0000000, 0x00000000ed280000, 0x0000000100000000)
  eden space 162816K, 100% used [0x00000000e0000000,0x00000000e9f00000,0x00000000e9f00000)
  from space 20992K, 0% used [0x00000000eb580000,0x00000000eb580000,0x00000000eca00000)
  to   space 23040K, 0% used [0x00000000e9f00000,0x00000000e9f00000,0x00000000eb580000)
 ParOldGen       total 97792K, used 45418K [0x00000000a0000000, 0x00000000a5f80000, 0x00000000e0000000)
  object space 97792K, 46% used [0x00000000a0000000,0x00000000a2c5aae0,0x00000000a5f80000)
 Metaspace       used 63460K, capacity 65930K, committed 66176K, reserved 1105920K
  class space    used 8430K, capacity 9034K, committed 9088K, reserved 1048576K
Event: 61.487 GC heap after
Heap after GC invocations=20 (full 3):
 PSYoungGen      total 185856K, used 18889K [0x00000000e0000000, 0x00000000efa00000, 0x0000000100000000)
  eden space 162816K, 0% used [0x00000000e0000000,0x00000000e0000000,0x00000000e9f00000)
  from space 23040K, 81% used [0x00000000e9f00000,0x00000000eb172580,0x00000000eb580000)
  to   space 25088K, 0% used [0x00000000ee180000,0x00000000ee180000,0x00000000efa00000)
 ParOldGen       total 97792K, used 45426K [0x00000000a0000000, 0x00000000a5f80000, 0x00000000e0000000)
  object space 97792K, 46% used [0x00000000a0000000,0x00000000a2c5cae0,0x00000000a5f80000)
 Metaspace       used 63460K, capacity 65930K, committed 66176K, reserved 1105920K
  class space    used 8430K, capacity 9034K, committed 9088K, reserved 1048576K
}
Event: 88.934 GC heap before
{Heap before GC invocations=21 (full 3):
 PSYoungGen      total 185856K, used 181705K [0x00000000e0000000, 0x00000000efa00000, 0x0000000100000000)
  eden space 162816K, 100% used [0x00000000e0000000,0x00000000e9f00000,0x00000000e9f00000)
  from space 23040K, 81% used [0x00000000e9f00000,0x00000000eb172580,0x00000000eb580000)
  to   space 25088K, 0% used [0x00000000ee180000,0x00000000ee180000,0x00000000efa00000)
 ParOldGen       total 97792K, used 45426K [0x00000000a0000000, 0x00000000a5f80000, 0x00000000e0000000)
  object space 97792K, 46% used [0x00000000a0000000,0x00000000a2c5cae0,0x00000000a5f80000)
 Metaspace       used 64310K, capacity 66820K, committed 66944K, reserved 1107968K
  class space    used 8479K, capacity 9069K, committed 9088K, reserved 1048576K
Event: 88.947 GC heap after
Heap after GC invocations=21 (full 3):
 PSYoungGen      total 222720K, used 2080K [0x00000000e0000000, 0x00000000ef600000, 0x0000000100000000)
  eden space 201728K, 0% used [0x00000000e0000000,0x00000000e0000000,0x00000000ec500000)
  from space 20992K, 9% used [0x00000000ee180000,0x00000000ee388000,0x00000000ef600000)
  to   space 25088K, 0% used [0x00000000ec500000,0x00000000ec500000,0x00000000edd80000)
 ParOldGen       total 97792K, used 54156K [0x00000000a0000000, 0x00000000a5f80000, 0x00000000e0000000)
  object space 97792K, 55% used [0x00000000a0000000,0x00000000a34e3118,0x00000000a5f80000)
 Metaspace       used 64310K, capacity 66820K, committed 66944K, reserved 1107968K
  class space    used 8479K, capacity 9069K, committed 9088K, reserved 1048576K
}
Event: 2166.429 GC heap before
{Heap before GC invocations=22 (full 3):
 PSYoungGen      total 222720K, used 203439K [0x00000000e0000000, 0x00000000ef600000, 0x0000000100000000)
  eden space 201728K, 99% used [0x00000000e0000000,0x00000000ec4a3c68,0x00000000ec500000)
  from space 20992K, 9% used [0x00000000ee180000,0x00000000ee388000,0x00000000ef600000)
  to   space 25088K, 0% used [0x00000000ec500000,0x00000000ec500000,0x00000000edd80000)
 ParOldGen       total 97792K, used 54156K [0x00000000a0000000, 0x00000000a5f80000, 0x00000000e0000000)
  object space 97792K, 55% used [0x00000000a0000000,0x00000000a34e3118,0x00000000a5f80000)
 Metaspace       used 66233K, capacity 69014K, committed 69248K, reserved 1110016K
  class space    used 8707K, capacity 9332K, committed 9344K, reserved 1048576K
Event: 2166.456 GC heap after
Heap after GC invocations=22 (full 3):
 PSYoungGen      total 226816K, used 17554K [0x00000000e0000000, 0x00000000f2200000, 0x0000000100000000)
  eden space 201728K, 0% used [0x00000000e0000000,0x00000000e0000000,0x00000000ec500000)
  from space 25088K, 69% used [0x00000000ec500000,0x00000000ed624898,0x00000000edd80000)
  to   space 26624K, 0% used [0x00000000f0800000,0x00000000f0800000,0x00000000f2200000)
 ParOldGen       total 97792K, used 54612K [0x00000000a0000000, 0x00000000a5f80000, 0x00000000e0000000)
  object space 97792K, 55% used [0x00000000a0000000,0x00000000a3555118,0x00000000a5f80000)
 Metaspace       used 66233K, capacity 69014K, committed 69248K, reserved 1110016K
  class space    used 8707K, capacity 9332K, committed 9344K, reserved 1048576K
}
Event: 2185.038 GC heap before
{Heap before GC invocations=23 (full 3):
 PSYoungGen      total 226816K, used 218269K [0x00000000e0000000, 0x00000000f2200000, 0x0000000100000000)
  eden space 201728K, 99% used [0x00000000e0000000,0x00000000ec402ef8,0x00000000ec500000)
  from space 25088K, 69% used [0x00000000ec500000,0x00000000ed624898,0x00000000edd80000)
  to   space 26624K, 0% used [0x00000000f0800000,0x00000000f0800000,0x00000000f2200000)
 ParOldGen       total 97792K, used 54612K [0x00000000a0000000, 0x00000000a5f80000, 0x00000000e0000000)
  object space 97792K, 55% used [0x00000000a0000000,0x00000000a3555118,0x00000000a5f80000)
 Metaspace       used 72892K, capacity 75894K, committed 76032K, reserved 1116160K
  class space    used 9494K, capacity 10162K, committed 10240K, reserved 1048576K
Event: 2185.050 GC heap after
Heap after GC invocations=23 (full 3):
 PSYoungGen      total 202240K, used 8623K [0x00000000e0000000, 0x00000000f1080000, 0x0000000100000000)
  eden space 193536K, 0% used [0x00000000e0000000,0x00000000e0000000,0x00000000ebd00000)
  from space 8704K, 99% used [0x00000000f0800000,0x00000000f106be50,0x00000000f1080000)
  to   space 25088K, 0% used [0x00000000edf80000,0x00000000edf80000,0x00000000ef800000)
 ParOldGen       total 97792K, used 59608K [0x00000000a0000000, 0x00000000a5f80000, 0x00000000e0000000)
  object space 97792K, 60% used [0x00000000a0000000,0x00000000a3a361b8,0x00000000a5f80000)
 Metaspace       used 72892K, capacity 75894K, committed 76032K, reserved 1116160K
  class space    used 9494K, capacity 10162K, committed 10240K, reserved 1048576K
}
Event: 2185.068 GC heap before
{Heap before GC invocations=24 (full 3):
 PSYoungGen      total 202240K, used 201712K [0x00000000e0000000, 0x00000000f1080000, 0x0000000100000000)
  eden space 193536K, 99% used [0x00000000e0000000,0x00000000ebc904d8,0x00000000ebd00000)
  from space 8704K, 99% used [0x00000000f0800000,0x00000000f106be50,0x00000000f1080000)
  to   space 25088K, 0% used [0x00000000edf80000,0x00000000edf80000,0x00000000ef800000)
 ParOldGen       total 97792K, used 59608K [0x00000000a0000000, 0x00000000a5f80000, 0x00000000e0000000)
  object space 97792K, 60% used [0x00000000a0000000,0x00000000a3a361b8,0x00000000a5f80000)
 Metaspace       used 72898K, capacity 75894K, committed 76032K, reserved 1116160K
  class space    used 9494K, capacity 10162K, committed 10240K, reserved 1048576K
Event: 2185.073 GC heap after
Heap after GC invocations=24 (full 3):
 PSYoungGen      total 253952K, used 7106K [0x00000000e0000000, 0x00000000f2f00000, 0x0000000100000000)
  eden space 228864K, 0% used [0x00000000e0000000,0x00000000e0000000,0x00000000edf80000)
  from space 25088K, 28% used [0x00000000edf80000,0x00000000ee670a18,0x00000000ef800000)
  to   space 24576K, 0% used [0x00000000f1700000,0x00000000f1700000,0x00000000f2f00000)
 ParOldGen       total 97792K, used 59616K [0x00000000a0000000, 0x00000000a5f80000, 0x00000000e0000000)
  object space 97792K, 60% used [0x00000000a0000000,0x00000000a3a381b8,0x00000000a5f80000)
 Metaspace       used 72898K, capacity 75894K, committed 76032K, reserved 1116160K
  class space    used 9494K, capacity 10162K, committed 10240K, reserved 1048576K
}

